2014-09-12 18:19:36,353 [8] ERROR EPiServer.Global: 1.2.5 Unhandled exception in ASP.NET
System.IO.IOException: Kan geen toegang krijgen tot het bestand D:\Dev\GitHub\EPiServerGoogleTranslateLocalization\Site\Resources\temp.xml omdat het wordt gebruikt door een ander proces.
   bij System.IO.__Error.WinIOError(Int32 errorCode, String maybeFullPath)
   bij System.IO.FileStream.Init(String path, FileMode mode, FileAccess access, Int32 rights, Boolean useRights, FileShare share, Int32 bufferSize, FileOptions options, SECURITY_ATTRIBUTES secAttrs, String msgPath, Boolean bFromProxy, Boolean useLongPath, Boolean checkHost)
   bij System.IO.FileStream..ctor(String path, FileMode mode, FileAccess access, FileShare share, Int32 bufferSize, FileOptions options, String msgPath, Boolean bFromProxy)
   bij System.IO.FileStream..ctor(String path, FileMode mode, FileAccess access, FileShare share, Int32 bufferSize, Boolean useAsync)
   bij System.Xml.XmlWriterSettings.CreateWriter(String outputFileName)
   bij System.Xml.XmlWriter.Create(String outputFileName, XmlWriterSettings settings)
   bij System.Xml.Linq.XDocument.Save(String fileName, SaveOptions options)
   bij System.Xml.Linq.XDocument.Save(String fileName)
   bij Site.Business.Localization.TranslatorCacheProvider.GetByCulture(CultureInfo culture) in d:\Dev\GitHub\EPiServerGoogleTranslateLocalization\Site\Business\Localization\TranslatorCacheProvider.cs:regel 73
   bij Site.Business.Localization.TranslatorCacheProvider.Contains(CultureInfo culture, String path) in d:\Dev\GitHub\EPiServerGoogleTranslateLocalization\Site\Business\Localization\TranslatorCacheProvider.cs:regel 59
   bij Site.Business.Localization.TranslatorLocalizationProvider.GetString(String originalKey, String[] normalizedKey, CultureInfo culture) in d:\Dev\GitHub\EPiServerGoogleTranslateLocalization\Site\Business\Localization\TranslatorLocalizationProvider.cs:regel 45
   bij EPiServer.Framework.Localization.ProviderBasedLocalizationService.LoadString(String[] normalizedKey, String originalKey, CultureInfo culture)
   bij EPiServer.Framework.Localization.LocalizationService.TryGetStringByCulture(String originalKey, String[] normalizedKey, CultureInfo culture, String& localizedString)
   bij EPiServer.Framework.Localization.LocalizationService.GetStringByCulture(String resourceKey, FallbackBehaviors fallbackBehavior, CultureInfo culture)
   bij EPiServer.Framework.Localization.LocalizationService.GetStringByCulture(String resourceKey, CultureInfo culture)
   bij EPiServer.Framework.Localization.LocalizationService.GetString(String resourceKey)
   bij EPiServer.Shell.Web.Mvc.Html.HtmlHelperTranslationExtensions.Translate(HtmlHelper html, String translationKey)
   bij ASP._Page_Views_Shared_Header_cshtml.Execute() in d:\Dev\GitHub\EPiServerGoogleTranslateLocalization\Site\Views\Shared\Header.cshtml:regel 34
   bij System.Web.WebPages.WebPageBase.ExecutePageHierarchy()
   bij System.Web.Mvc.WebViewPage.ExecutePageHierarchy()
   bij System.Web.WebPages.WebPageBase.ExecutePageHierarchy(WebPageContext pageContext, TextWriter writer, WebPageRenderingBase startPage)
   bij System.Web.Mvc.RazorView.RenderView(ViewContext viewContext, TextWriter writer, Object instance)
   bij System.Web.Mvc.BuildManagerCompiledView.Render(ViewContext viewContext, TextWriter writer)
   bij System.Web.Mvc.HtmlHelper.RenderPartialInternal(String partialViewName, ViewDataDictionary viewData, Object model, TextWriter writer, ViewEngineCollection viewEngineCollection)
   bij System.Web.Mvc.Html.RenderPartialExtensions.RenderPartial(HtmlHelper htmlHelper, String partialViewName, Object model)
   bij ASP._Page_Views_Shared_Layouts__Root_cshtml.Execute() in d:\Dev\GitHub\EPiServerGoogleTranslateLocalization\Site\Views\Shared\Layouts\_Root.cshtml:regel 24
   bij System.Web.WebPages.WebPageBase.ExecutePageHierarchy()
   bij System.Web.Mvc.WebViewPage.ExecutePageHierarchy()
   bij System.Web.WebPages.WebPageBase.ExecutePageHierarchy(WebPageContext pageContext, TextWriter writer, WebPageRenderingBase startPage)
   bij System.Web.WebPages.WebPageBase.<>c__DisplayClass7.<RenderPageCore>b__6(TextWriter writer)
   bij System.Web.WebPages.HelperResult.WriteTo(TextWriter writer)
   bij System.Web.WebPages.WebPageBase.Write(HelperResult result)
   bij System.Web.WebPages.WebPageBase.RenderSurrounding(String partialViewName, Action`1 body)
   bij System.Web.WebPages.WebPageBase.PopContext()
   bij System.Web.WebPages.WebPageBase.ExecutePageHierarchy(WebPageContext pageContext, TextWriter writer, WebPageRenderingBase startPage)
   bij System.Web.Mvc.RazorView.RenderView(ViewContext viewContext, TextWriter writer, Object instance)
   bij System.Web.Mvc.BuildManagerCompiledView.Render(ViewContext viewContext, TextWriter writer)
   bij System.Web.Mvc.ViewResultBase.ExecuteResult(ControllerContext context)
   bij System.Web.Mvc.ControllerActionInvoker.InvokeActionResult(ControllerContext controllerContext, ActionResult actionResult)
   bij System.Web.Mvc.ControllerActionInvoker.<>c__DisplayClass1a.<InvokeActionResultWithFilters>b__17()
   bij System.Web.Mvc.ControllerActionInvoker.InvokeActionResultFilter(IResultFilter filter, ResultExecutingContext preContext, Func`1 continuation)
   bij System.Web.Mvc.ControllerActionInvoker.<>c__DisplayClass1a.<>c__DisplayClass1c.<InvokeActionResultWithFilters>b__19()
   bij System.Web.Mvc.ControllerActionInvoker.InvokeActionResultFilter(IResultFilter filter, ResultExecutingContext preContext, Func`1 continuation)
   bij System.Web.Mvc.ControllerActionInvoker.<>c__DisplayClass1a.<>c__DisplayClass1c.<InvokeActionResultWithFilters>b__19()
   bij System.Web.Mvc.ControllerActionInvoker.InvokeActionResultFilter(IResultFilter filter, ResultExecutingContext preContext, Func`1 continuation)
   bij System.Web.Mvc.ControllerActionInvoker.<>c__DisplayClass1a.<>c__DisplayClass1c.<InvokeActionResultWithFilters>b__19()
   bij System.Web.Mvc.ControllerActionInvoker.InvokeActionResultFilter(IResultFilter filter, ResultExecutingContext preContext, Func`1 continuation)
   bij System.Web.Mvc.ControllerActionInvoker.<>c__DisplayClass1a.<>c__DisplayClass1c.<InvokeActionResultWithFilters>b__19()
   bij System.Web.Mvc.ControllerActionInvoker.InvokeActionResultFilter(IResultFilter filter, ResultExecutingContext preContext, Func`1 continuation)
   bij System.Web.Mvc.ControllerActionInvoker.<>c__DisplayClass1a.<>c__DisplayClass1c.<InvokeActionResultWithFilters>b__19()
   bij System.Web.Mvc.ControllerActionInvoker.InvokeActionResultFilter(IResultFilter filter, ResultExecutingContext preContext, Func`1 continuation)
   bij System.Web.Mvc.ControllerActionInvoker.<>c__DisplayClass1a.<>c__DisplayClass1c.<InvokeActionResultWithFilters>b__19()
   bij System.Web.Mvc.ControllerActionInvoker.InvokeActionResultFilter(IResultFilter filter, ResultExecutingContext preContext, Func`1 continuation)
   bij System.Web.Mvc.ControllerActionInvoker.<>c__DisplayClass1a.<>c__DisplayClass1c.<InvokeActionResultWithFilters>b__19()
   bij System.Web.Mvc.ControllerActionInvoker.InvokeActionResultWithFilters(ControllerContext controllerContext, IList`1 filters, ActionResult actionResult)
   bij System.Web.Mvc.Async.AsyncControllerActionInvoker.<>c__DisplayClass25.<>c__DisplayClass2a.<BeginInvokeAction>b__20()
   bij System.Web.Mvc.Async.AsyncControllerActionInvoker.<>c__DisplayClass25.<BeginInvokeAction>b__22(IAsyncResult asyncResult)
   bij System.Web.Mvc.Async.AsyncResultWrapper.WrappedAsyncResult`1.End()
   bij System.Web.Mvc.Async.AsyncControllerActionInvoker.EndInvokeAction(IAsyncResult asyncResult)
   bij System.Web.Mvc.Controller.<>c__DisplayClass1d.<BeginExecuteCore>b__18(IAsyncResult asyncResult)
   bij System.Web.Mvc.Async.AsyncResultWrapper.<>c__DisplayClass4.<MakeVoidDelegate>b__3(IAsyncResult ar)
   bij System.Web.Mvc.Async.AsyncResultWrapper.WrappedAsyncResult`1.End()
   bij System.Web.Mvc.Controller.EndExecuteCore(IAsyncResult asyncResult)
   bij System.Web.Mvc.Async.AsyncResultWrapper.<>c__DisplayClass4.<MakeVoidDelegate>b__3(IAsyncResult ar)
   bij System.Web.Mvc.Async.AsyncResultWrapper.WrappedAsyncResult`1.End()
   bij System.Web.Mvc.Controller.EndExecute(IAsyncResult asyncResult)
   bij System.Web.Mvc.Controller.System.Web.Mvc.Async.IAsyncController.EndExecute(IAsyncResult asyncResult)
   bij System.Web.Mvc.MvcHandler.<>c__DisplayClass8.<BeginProcessRequest>b__3(IAsyncResult asyncResult)
   bij System.Web.Mvc.Async.AsyncResultWrapper.<>c__DisplayClass4.<MakeVoidDelegate>b__3(IAsyncResult ar)
   bij System.Web.Mvc.Async.AsyncResultWrapper.WrappedAsyncResult`1.End()
   bij System.Web.Mvc.MvcHandler.EndProcessRequest(IAsyncResult asyncResult)
   bij System.Web.Mvc.MvcHandler.System.Web.IHttpAsyncHandler.EndProcessRequest(IAsyncResult result)
   bij System.Web.HttpApplication.CallHandlerExecutionStep.System.Web.HttpApplication.IExecutionStep.Execute()
   bij System.Web.HttpApplication.ExecuteStep(IExecutionStep step, Boolean& completedSynchronously)
2014-09-12 18:20:18,275 [7] ERROR EPiServer.Global: 1.2.5 Unhandled exception in ASP.NET
System.NullReferenceException: De objectverwijzing is niet op een exemplaar van een object ingesteld.
   bij Site.Business.Localization.TranslatorCacheProvider.Insert(CultureInfo culture, String[] path, String value) in d:\Dev\GitHub\EPiServerGoogleTranslateLocalization\Site\Business\Localization\TranslatorCacheProvider.cs:regel 40
   bij Site.Business.Localization.TranslatorLocalizationProvider.GetString(String originalKey, String[] normalizedKey, CultureInfo culture) in d:\Dev\GitHub\EPiServerGoogleTranslateLocalization\Site\Business\Localization\TranslatorLocalizationProvider.cs:regel 51
   bij EPiServer.Framework.Localization.ProviderBasedLocalizationService.LoadString(String[] normalizedKey, String originalKey, CultureInfo culture)
   bij EPiServer.Framework.Localization.LocalizationService.TryGetStringByCulture(String originalKey, String[] normalizedKey, CultureInfo culture, String& localizedString)
   bij EPiServer.Framework.Localization.LocalizationService.GetStringByCulture(String resourceKey, FallbackBehaviors fallbackBehavior, CultureInfo culture)
   bij EPiServer.Framework.Localization.LocalizationService.GetStringByCulture(String resourceKey, CultureInfo culture)
   bij EPiServer.Framework.Localization.LocalizationService.GetString(String resourceKey)
   bij EPiServer.Shell.Web.Mvc.Html.HtmlHelperTranslationExtensions.Translate(HtmlHelper html, String translationKey)
   bij ASP._Page_Views_Shared_Header_cshtml.Execute() in d:\Dev\GitHub\EPiServerGoogleTranslateLocalization\Site\Views\Shared\Header.cshtml:regel 34
   bij System.Web.WebPages.WebPageBase.ExecutePageHierarchy()
   bij System.Web.Mvc.WebViewPage.ExecutePageHierarchy()
   bij System.Web.WebPages.WebPageBase.ExecutePageHierarchy(WebPageContext pageContext, TextWriter writer, WebPageRenderingBase startPage)
   bij System.Web.Mvc.RazorView.RenderView(ViewContext viewContext, TextWriter writer, Object instance)
   bij System.Web.Mvc.BuildManagerCompiledView.Render(ViewContext viewContext, TextWriter writer)
   bij System.Web.Mvc.HtmlHelper.RenderPartialInternal(String partialViewName, ViewDataDictionary viewData, Object model, TextWriter writer, ViewEngineCollection viewEngineCollection)
   bij System.Web.Mvc.Html.RenderPartialExtensions.RenderPartial(HtmlHelper htmlHelper, String partialViewName, Object model)
   bij ASP._Page_Views_Shared_Layouts__Root_cshtml.Execute() in d:\Dev\GitHub\EPiServerGoogleTranslateLocalization\Site\Views\Shared\Layouts\_Root.cshtml:regel 24
   bij System.Web.WebPages.WebPageBase.ExecutePageHierarchy()
   bij System.Web.Mvc.WebViewPage.ExecutePageHierarchy()
   bij System.Web.WebPages.WebPageBase.ExecutePageHierarchy(WebPageContext pageContext, TextWriter writer, WebPageRenderingBase startPage)
   bij System.Web.WebPages.WebPageBase.<>c__DisplayClass7.<RenderPageCore>b__6(TextWriter writer)
   bij System.Web.WebPages.HelperResult.WriteTo(TextWriter writer)
   bij System.Web.WebPages.WebPageBase.Write(HelperResult result)
   bij System.Web.WebPages.WebPageBase.RenderSurrounding(String partialViewName, Action`1 body)
   bij System.Web.WebPages.WebPageBase.PopContext()
   bij System.Web.WebPages.WebPageBase.ExecutePageHierarchy(WebPageContext pageContext, TextWriter writer, WebPageRenderingBase startPage)
   bij System.Web.Mvc.RazorView.RenderView(ViewContext viewContext, TextWriter writer, Object instance)
   bij System.Web.Mvc.BuildManagerCompiledView.Render(ViewContext viewContext, TextWriter writer)
   bij System.Web.Mvc.ViewResultBase.ExecuteResult(ControllerContext context)
   bij System.Web.Mvc.ControllerActionInvoker.InvokeActionResult(ControllerContext controllerContext, ActionResult actionResult)
   bij System.Web.Mvc.ControllerActionInvoker.<>c__DisplayClass1a.<InvokeActionResultWithFilters>b__17()
   bij System.Web.Mvc.ControllerActionInvoker.InvokeActionResultFilter(IResultFilter filter, ResultExecutingContext preContext, Func`1 continuation)
   bij System.Web.Mvc.ControllerActionInvoker.<>c__DisplayClass1a.<>c__DisplayClass1c.<InvokeActionResultWithFilters>b__19()
   bij System.Web.Mvc.ControllerActionInvoker.InvokeActionResultFilter(IResultFilter filter, ResultExecutingContext preContext, Func`1 continuation)
   bij System.Web.Mvc.ControllerActionInvoker.<>c__DisplayClass1a.<>c__DisplayClass1c.<InvokeActionResultWithFilters>b__19()
   bij System.Web.Mvc.ControllerActionInvoker.InvokeActionResultFilter(IResultFilter filter, ResultExecutingContext preContext, Func`1 continuation)
   bij System.Web.Mvc.ControllerActionInvoker.<>c__DisplayClass1a.<>c__DisplayClass1c.<InvokeActionResultWithFilters>b__19()
   bij System.Web.Mvc.ControllerActionInvoker.InvokeActionResultFilter(IResultFilter filter, ResultExecutingContext preContext, Func`1 continuation)
   bij System.Web.Mvc.ControllerActionInvoker.<>c__DisplayClass1a.<>c__DisplayClass1c.<InvokeActionResultWithFilters>b__19()
   bij System.Web.Mvc.ControllerActionInvoker.InvokeActionResultFilter(IResultFilter filter, ResultExecutingContext preContext, Func`1 continuation)
   bij System.Web.Mvc.ControllerActionInvoker.<>c__DisplayClass1a.<>c__DisplayClass1c.<InvokeActionResultWithFilters>b__19()
   bij System.Web.Mvc.ControllerActionInvoker.InvokeActionResultFilter(IResultFilter filter, ResultExecutingContext preContext, Func`1 continuation)
   bij System.Web.Mvc.ControllerActionInvoker.<>c__DisplayClass1a.<>c__DisplayClass1c.<InvokeActionResultWithFilters>b__19()
   bij System.Web.Mvc.ControllerActionInvoker.InvokeActionResultFilter(IResultFilter filter, ResultExecutingContext preContext, Func`1 continuation)
   bij System.Web.Mvc.ControllerActionInvoker.<>c__DisplayClass1a.<>c__DisplayClass1c.<InvokeActionResultWithFilters>b__19()
   bij System.Web.Mvc.ControllerActionInvoker.InvokeActionResultWithFilters(ControllerContext controllerContext, IList`1 filters, ActionResult actionResult)
   bij System.Web.Mvc.Async.AsyncControllerActionInvoker.<>c__DisplayClass25.<>c__DisplayClass2a.<BeginInvokeAction>b__20()
   bij System.Web.Mvc.Async.AsyncControllerActionInvoker.<>c__DisplayClass25.<BeginInvokeAction>b__22(IAsyncResult asyncResult)
   bij System.Web.Mvc.Async.AsyncResultWrapper.WrappedAsyncResult`1.End()
   bij System.Web.Mvc.Async.AsyncControllerActionInvoker.EndInvokeAction(IAsyncResult asyncResult)
   bij System.Web.Mvc.Controller.<>c__DisplayClass1d.<BeginExecuteCore>b__18(IAsyncResult asyncResult)
   bij System.Web.Mvc.Async.AsyncResultWrapper.<>c__DisplayClass4.<MakeVoidDelegate>b__3(IAsyncResult ar)
   bij System.Web.Mvc.Async.AsyncResultWrapper.WrappedAsyncResult`1.End()
   bij System.Web.Mvc.Controller.EndExecuteCore(IAsyncResult asyncResult)
   bij System.Web.Mvc.Async.AsyncResultWrapper.<>c__DisplayClass4.<MakeVoidDelegate>b__3(IAsyncResult ar)
   bij System.Web.Mvc.Async.AsyncResultWrapper.WrappedAsyncResult`1.End()
   bij System.Web.Mvc.Controller.EndExecute(IAsyncResult asyncResult)
   bij System.Web.Mvc.Controller.System.Web.Mvc.Async.IAsyncController.EndExecute(IAsyncResult asyncResult)
   bij System.Web.Mvc.MvcHandler.<>c__DisplayClass8.<BeginProcessRequest>b__3(IAsyncResult asyncResult)
   bij System.Web.Mvc.Async.AsyncResultWrapper.<>c__DisplayClass4.<MakeVoidDelegate>b__3(IAsyncResult ar)
   bij System.Web.Mvc.Async.AsyncResultWrapper.WrappedAsyncResult`1.End()
   bij System.Web.Mvc.MvcHandler.EndProcessRequest(IAsyncResult asyncResult)
   bij System.Web.Mvc.MvcHandler.System.Web.IHttpAsyncHandler.EndProcessRequest(IAsyncResult result)
   bij System.Web.HttpApplication.CallHandlerExecutionStep.System.Web.HttpApplication.IExecutionStep.Execute()
   bij System.Web.HttpApplication.ExecuteStep(IExecutionStep step, Boolean& completedSynchronously)
2014-09-12 18:31:59,177 [7] ERROR EPiServer.Global: 1.2.5 Unhandled exception in ASP.NET
System.IO.DirectoryNotFoundException: Kan een gedeelte van het pad D:\Dev\GitHub\EPiServerGoogleTranslateLocalization\Site\Resources\ niet vinden.
   bij System.IO.__Error.WinIOError(Int32 errorCode, String maybeFullPath)
   bij System.IO.FileStream.Init(String path, FileMode mode, FileAccess access, Int32 rights, Boolean useRights, FileShare share, Int32 bufferSize, FileOptions options, SECURITY_ATTRIBUTES secAttrs, String msgPath, Boolean bFromProxy, Boolean useLongPath, Boolean checkHost)
   bij System.IO.FileStream..ctor(String path, FileMode mode, FileAccess access, FileShare share, Int32 bufferSize, FileOptions options, String msgPath, Boolean bFromProxy)
   bij System.IO.FileStream..ctor(String path, FileMode mode, FileAccess access, FileShare share, Int32 bufferSize, Boolean useAsync)
   bij System.Xml.XmlWriterSettings.CreateWriter(String outputFileName)
   bij System.Xml.XmlWriter.Create(String outputFileName, XmlWriterSettings settings)
   bij System.Xml.Linq.XDocument.Save(String fileName, SaveOptions options)
   bij System.Xml.Linq.XDocument.Save(String fileName)
   bij Site.Business.Localization.TranslatorCacheProvider.Insert(CultureInfo culture, String[] path, String value) in d:\Dev\GitHub\EPiServerGoogleTranslateLocalization\Site\Business\Localization\TranslatorCacheProvider.cs:regel 54
   bij Site.Business.Localization.TranslatorLocalizationProvider.GetString(String originalKey, String[] normalizedKey, CultureInfo culture) in d:\Dev\GitHub\EPiServerGoogleTranslateLocalization\Site\Business\Localization\TranslatorLocalizationProvider.cs:regel 51
   bij EPiServer.Framework.Localization.ProviderBasedLocalizationService.LoadString(String[] normalizedKey, String originalKey, CultureInfo culture)
   bij EPiServer.Framework.Localization.LocalizationService.TryGetStringByCulture(String originalKey, String[] normalizedKey, CultureInfo culture, String& localizedString)
   bij EPiServer.Framework.Localization.LocalizationService.GetStringByCulture(String resourceKey, FallbackBehaviors fallbackBehavior, CultureInfo culture)
   bij EPiServer.Framework.Localization.LocalizationService.GetStringByCulture(String resourceKey, CultureInfo culture)
   bij EPiServer.Framework.Localization.LocalizationService.GetString(String resourceKey)
   bij EPiServer.Shell.Web.Mvc.Html.HtmlHelperTranslationExtensions.Translate(HtmlHelper html, String translationKey)
   bij ASP._Page_Views_Shared_Header_cshtml.Execute() in d:\Dev\GitHub\EPiServerGoogleTranslateLocalization\Site\Views\Shared\Header.cshtml:regel 34
   bij System.Web.WebPages.WebPageBase.ExecutePageHierarchy()
   bij System.Web.Mvc.WebViewPage.ExecutePageHierarchy()
   bij System.Web.WebPages.WebPageBase.ExecutePageHierarchy(WebPageContext pageContext, TextWriter writer, WebPageRenderingBase startPage)
   bij System.Web.Mvc.RazorView.RenderView(ViewContext viewContext, TextWriter writer, Object instance)
   bij System.Web.Mvc.BuildManagerCompiledView.Render(ViewContext viewContext, TextWriter writer)
   bij System.Web.Mvc.HtmlHelper.RenderPartialInternal(String partialViewName, ViewDataDictionary viewData, Object model, TextWriter writer, ViewEngineCollection viewEngineCollection)
   bij System.Web.Mvc.Html.RenderPartialExtensions.RenderPartial(HtmlHelper htmlHelper, String partialViewName, Object model)
   bij ASP._Page_Views_Shared_Layouts__Root_cshtml.Execute() in d:\Dev\GitHub\EPiServerGoogleTranslateLocalization\Site\Views\Shared\Layouts\_Root.cshtml:regel 24
   bij System.Web.WebPages.WebPageBase.ExecutePageHierarchy()
   bij System.Web.Mvc.WebViewPage.ExecutePageHierarchy()
   bij System.Web.WebPages.WebPageBase.ExecutePageHierarchy(WebPageContext pageContext, TextWriter writer, WebPageRenderingBase startPage)
   bij System.Web.WebPages.WebPageBase.<>c__DisplayClass7.<RenderPageCore>b__6(TextWriter writer)
   bij System.Web.WebPages.HelperResult.WriteTo(TextWriter writer)
   bij System.Web.WebPages.WebPageBase.Write(HelperResult result)
   bij System.Web.WebPages.WebPageBase.RenderSurrounding(String partialViewName, Action`1 body)
   bij System.Web.WebPages.WebPageBase.PopContext()
   bij System.Web.WebPages.WebPageBase.ExecutePageHierarchy(WebPageContext pageContext, TextWriter writer, WebPageRenderingBase startPage)
   bij System.Web.Mvc.RazorView.RenderView(ViewContext viewContext, TextWriter writer, Object instance)
   bij System.Web.Mvc.BuildManagerCompiledView.Render(ViewContext viewContext, TextWriter writer)
   bij System.Web.Mvc.ViewResultBase.ExecuteResult(ControllerContext context)
   bij System.Web.Mvc.ControllerActionInvoker.InvokeActionResult(ControllerContext controllerContext, ActionResult actionResult)
   bij System.Web.Mvc.ControllerActionInvoker.<>c__DisplayClass1a.<InvokeActionResultWithFilters>b__17()
   bij System.Web.Mvc.ControllerActionInvoker.InvokeActionResultFilter(IResultFilter filter, ResultExecutingContext preContext, Func`1 continuation)
   bij System.Web.Mvc.ControllerActionInvoker.<>c__DisplayClass1a.<>c__DisplayClass1c.<InvokeActionResultWithFilters>b__19()
   bij System.Web.Mvc.ControllerActionInvoker.InvokeActionResultFilter(IResultFilter filter, ResultExecutingContext preContext, Func`1 continuation)
   bij System.Web.Mvc.ControllerActionInvoker.<>c__DisplayClass1a.<>c__DisplayClass1c.<InvokeActionResultWithFilters>b__19()
   bij System.Web.Mvc.ControllerActionInvoker.InvokeActionResultFilter(IResultFilter filter, ResultExecutingContext preContext, Func`1 continuation)
   bij System.Web.Mvc.ControllerActionInvoker.<>c__DisplayClass1a.<>c__DisplayClass1c.<InvokeActionResultWithFilters>b__19()
   bij System.Web.Mvc.ControllerActionInvoker.InvokeActionResultFilter(IResultFilter filter, ResultExecutingContext preContext, Func`1 continuation)
   bij System.Web.Mvc.ControllerActionInvoker.<>c__DisplayClass1a.<>c__DisplayClass1c.<InvokeActionResultWithFilters>b__19()
   bij System.Web.Mvc.ControllerActionInvoker.InvokeActionResultFilter(IResultFilter filter, ResultExecutingContext preContext, Func`1 continuation)
   bij System.Web.Mvc.ControllerActionInvoker.<>c__DisplayClass1a.<>c__DisplayClass1c.<InvokeActionResultWithFilters>b__19()
   bij System.Web.Mvc.ControllerActionInvoker.InvokeActionResultFilter(IResultFilter filter, ResultExecutingContext preContext, Func`1 continuation)
   bij System.Web.Mvc.ControllerActionInvoker.<>c__DisplayClass1a.<>c__DisplayClass1c.<InvokeActionResultWithFilters>b__19()
   bij System.Web.Mvc.ControllerActionInvoker.InvokeActionResultFilter(IResultFilter filter, ResultExecutingContext preContext, Func`1 continuation)
   bij System.Web.Mvc.ControllerActionInvoker.<>c__DisplayClass1a.<>c__DisplayClass1c.<InvokeActionResultWithFilters>b__19()
   bij System.Web.Mvc.ControllerActionInvoker.InvokeActionResultWithFilters(ControllerContext controllerContext, IList`1 filters, ActionResult actionResult)
   bij System.Web.Mvc.Async.AsyncControllerActionInvoker.<>c__DisplayClass25.<>c__DisplayClass2a.<BeginInvokeAction>b__20()
   bij System.Web.Mvc.Async.AsyncControllerActionInvoker.<>c__DisplayClass25.<BeginInvokeAction>b__22(IAsyncResult asyncResult)
   bij System.Web.Mvc.Async.AsyncResultWrapper.WrappedAsyncResult`1.End()
   bij System.Web.Mvc.Async.AsyncControllerActionInvoker.EndInvokeAction(IAsyncResult asyncResult)
   bij System.Web.Mvc.Controller.<>c__DisplayClass1d.<BeginExecuteCore>b__18(IAsyncResult asyncResult)
   bij System.Web.Mvc.Async.AsyncResultWrapper.<>c__DisplayClass4.<MakeVoidDelegate>b__3(IAsyncResult ar)
   bij System.Web.Mvc.Async.AsyncResultWrapper.WrappedAsyncResult`1.End()
   bij System.Web.Mvc.Controller.EndExecuteCore(IAsyncResult asyncResult)
   bij System.Web.Mvc.Async.AsyncResultWrapper.<>c__DisplayClass4.<MakeVoidDelegate>b__3(IAsyncResult ar)
   bij System.Web.Mvc.Async.AsyncResultWrapper.WrappedAsyncResult`1.End()
   bij System.Web.Mvc.Controller.EndExecute(IAsyncResult asyncResult)
   bij System.Web.Mvc.Controller.System.Web.Mvc.Async.IAsyncController.EndExecute(IAsyncResult asyncResult)
   bij System.Web.Mvc.MvcHandler.<>c__DisplayClass8.<BeginProcessRequest>b__3(IAsyncResult asyncResult)
   bij System.Web.Mvc.Async.AsyncResultWrapper.<>c__DisplayClass4.<MakeVoidDelegate>b__3(IAsyncResult ar)
   bij System.Web.Mvc.Async.AsyncResultWrapper.WrappedAsyncResult`1.End()
   bij System.Web.Mvc.MvcHandler.EndProcessRequest(IAsyncResult asyncResult)
   bij System.Web.Mvc.MvcHandler.System.Web.IHttpAsyncHandler.EndProcessRequest(IAsyncResult result)
   bij System.Web.HttpApplication.CallHandlerExecutionStep.System.Web.HttpApplication.IExecutionStep.Execute()
   bij System.Web.HttpApplication.ExecuteStep(IExecutionStep step, Boolean& completedSynchronously)
2014-09-12 18:32:33,678 [8] ERROR EPiServer.Global: 1.2.5 Unhandled exception in ASP.NET
System.IO.DirectoryNotFoundException: Kan een gedeelte van het pad D:\Dev\GitHub\EPiServerGoogleTranslateLocalization\Site\Resources\ niet vinden.
   bij System.IO.__Error.WinIOError(Int32 errorCode, String maybeFullPath)
   bij System.IO.FileStream.Init(String path, FileMode mode, FileAccess access, Int32 rights, Boolean useRights, FileShare share, Int32 bufferSize, FileOptions options, SECURITY_ATTRIBUTES secAttrs, String msgPath, Boolean bFromProxy, Boolean useLongPath, Boolean checkHost)
   bij System.IO.FileStream..ctor(String path, FileMode mode, FileAccess access, FileShare share, Int32 bufferSize, FileOptions options, String msgPath, Boolean bFromProxy)
   bij System.IO.FileStream..ctor(String path, FileMode mode, FileAccess access, FileShare share, Int32 bufferSize, Boolean useAsync)
   bij System.Xml.XmlWriterSettings.CreateWriter(String outputFileName)
   bij System.Xml.XmlWriter.Create(String outputFileName, XmlWriterSettings settings)
   bij System.Xml.Linq.XDocument.Save(String fileName, SaveOptions options)
   bij System.Xml.Linq.XDocument.Save(String fileName)
   bij Site.Business.Localization.TranslatorCacheProvider.Insert(CultureInfo culture, String[] path, String value)
   bij Site.Business.Localization.TranslatorLocalizationProvider.GetString(String originalKey, String[] normalizedKey, CultureInfo culture)
   bij EPiServer.Framework.Localization.ProviderBasedLocalizationService.LoadString(String[] normalizedKey, String originalKey, CultureInfo culture)
   bij EPiServer.Framework.Localization.LocalizationService.TryGetStringByCulture(String originalKey, String[] normalizedKey, CultureInfo culture, String& localizedString)
   bij EPiServer.Framework.Localization.LocalizationService.GetStringByCulture(String resourceKey, FallbackBehaviors fallbackBehavior, CultureInfo culture)
   bij EPiServer.Framework.Localization.LocalizationService.GetStringByCulture(String resourceKey, CultureInfo culture)
   bij EPiServer.Framework.Localization.LocalizationService.GetString(String resourceKey)
   bij EPiServer.Shell.Web.Mvc.Html.HtmlHelperTranslationExtensions.Translate(HtmlHelper html, String translationKey)
   bij ASP._Page_Views_Shared_Header_cshtml.Execute() in d:\Dev\GitHub\EPiServerGoogleTranslateLocalization\Site\Views\Shared\Header.cshtml:regel 34
   bij System.Web.WebPages.WebPageBase.ExecutePageHierarchy()
   bij System.Web.Mvc.WebViewPage.ExecutePageHierarchy()
   bij System.Web.WebPages.WebPageBase.ExecutePageHierarchy(WebPageContext pageContext, TextWriter writer, WebPageRenderingBase startPage)
   bij System.Web.Mvc.RazorView.RenderView(ViewContext viewContext, TextWriter writer, Object instance)
   bij System.Web.Mvc.BuildManagerCompiledView.Render(ViewContext viewContext, TextWriter writer)
   bij System.Web.Mvc.HtmlHelper.RenderPartialInternal(String partialViewName, ViewDataDictionary viewData, Object model, TextWriter writer, ViewEngineCollection viewEngineCollection)
   bij System.Web.Mvc.Html.RenderPartialExtensions.RenderPartial(HtmlHelper htmlHelper, String partialViewName, Object model)
   bij ASP._Page_Views_Shared_Layouts__Root_cshtml.Execute() in d:\Dev\GitHub\EPiServerGoogleTranslateLocalization\Site\Views\Shared\Layouts\_Root.cshtml:regel 24
   bij System.Web.WebPages.WebPageBase.ExecutePageHierarchy()
   bij System.Web.Mvc.WebViewPage.ExecutePageHierarchy()
   bij System.Web.WebPages.WebPageBase.ExecutePageHierarchy(WebPageContext pageContext, TextWriter writer, WebPageRenderingBase startPage)
   bij System.Web.WebPages.WebPageBase.<>c__DisplayClass7.<RenderPageCore>b__6(TextWriter writer)
   bij System.Web.WebPages.HelperResult.WriteTo(TextWriter writer)
   bij System.Web.WebPages.WebPageBase.Write(HelperResult result)
   bij System.Web.WebPages.WebPageBase.RenderSurrounding(String partialViewName, Action`1 body)
   bij System.Web.WebPages.WebPageBase.PopContext()
   bij System.Web.WebPages.WebPageBase.ExecutePageHierarchy(WebPageContext pageContext, TextWriter writer, WebPageRenderingBase startPage)
   bij System.Web.Mvc.RazorView.RenderView(ViewContext viewContext, TextWriter writer, Object instance)
   bij System.Web.Mvc.BuildManagerCompiledView.Render(ViewContext viewContext, TextWriter writer)
   bij System.Web.Mvc.ViewResultBase.ExecuteResult(ControllerContext context)
   bij System.Web.Mvc.ControllerActionInvoker.InvokeActionResult(ControllerContext controllerContext, ActionResult actionResult)
   bij System.Web.Mvc.ControllerActionInvoker.<>c__DisplayClass1a.<InvokeActionResultWithFilters>b__17()
   bij System.Web.Mvc.ControllerActionInvoker.InvokeActionResultFilter(IResultFilter filter, ResultExecutingContext preContext, Func`1 continuation)
   bij System.Web.Mvc.ControllerActionInvoker.<>c__DisplayClass1a.<>c__DisplayClass1c.<InvokeActionResultWithFilters>b__19()
   bij System.Web.Mvc.ControllerActionInvoker.InvokeActionResultFilter(IResultFilter filter, ResultExecutingContext preContext, Func`1 continuation)
   bij System.Web.Mvc.ControllerActionInvoker.<>c__DisplayClass1a.<>c__DisplayClass1c.<InvokeActionResultWithFilters>b__19()
   bij System.Web.Mvc.ControllerActionInvoker.InvokeActionResultFilter(IResultFilter filter, ResultExecutingContext preContext, Func`1 continuation)
   bij System.Web.Mvc.ControllerActionInvoker.<>c__DisplayClass1a.<>c__DisplayClass1c.<InvokeActionResultWithFilters>b__19()
   bij System.Web.Mvc.ControllerActionInvoker.InvokeActionResultFilter(IResultFilter filter, ResultExecutingContext preContext, Func`1 continuation)
   bij System.Web.Mvc.ControllerActionInvoker.<>c__DisplayClass1a.<>c__DisplayClass1c.<InvokeActionResultWithFilters>b__19()
   bij System.Web.Mvc.ControllerActionInvoker.InvokeActionResultFilter(IResultFilter filter, ResultExecutingContext preContext, Func`1 continuation)
   bij System.Web.Mvc.ControllerActionInvoker.<>c__DisplayClass1a.<>c__DisplayClass1c.<InvokeActionResultWithFilters>b__19()
   bij System.Web.Mvc.ControllerActionInvoker.InvokeActionResultFilter(IResultFilter filter, ResultExecutingContext preContext, Func`1 continuation)
   bij System.Web.Mvc.ControllerActionInvoker.<>c__DisplayClass1a.<>c__DisplayClass1c.<InvokeActionResultWithFilters>b__19()
   bij System.Web.Mvc.ControllerActionInvoker.InvokeActionResultFilter(IResultFilter filter, ResultExecutingContext preContext, Func`1 continuation)
   bij System.Web.Mvc.ControllerActionInvoker.<>c__DisplayClass1a.<>c__DisplayClass1c.<InvokeActionResultWithFilters>b__19()
   bij System.Web.Mvc.ControllerActionInvoker.InvokeActionResultWithFilters(ControllerContext controllerContext, IList`1 filters, ActionResult actionResult)
   bij System.Web.Mvc.Async.AsyncControllerActionInvoker.<>c__DisplayClass25.<>c__DisplayClass2a.<BeginInvokeAction>b__20()
   bij System.Web.Mvc.Async.AsyncControllerActionInvoker.<>c__DisplayClass25.<BeginInvokeAction>b__22(IAsyncResult asyncResult)
   bij System.Web.Mvc.Async.AsyncResultWrapper.WrappedAsyncResult`1.End()
   bij System.Web.Mvc.Async.AsyncControllerActionInvoker.EndInvokeAction(IAsyncResult asyncResult)
   bij System.Web.Mvc.Controller.<>c__DisplayClass1d.<BeginExecuteCore>b__18(IAsyncResult asyncResult)
   bij System.Web.Mvc.Async.AsyncResultWrapper.<>c__DisplayClass4.<MakeVoidDelegate>b__3(IAsyncResult ar)
   bij System.Web.Mvc.Async.AsyncResultWrapper.WrappedAsyncResult`1.End()
   bij System.Web.Mvc.Controller.EndExecuteCore(IAsyncResult asyncResult)
   bij System.Web.Mvc.Async.AsyncResultWrapper.<>c__DisplayClass4.<MakeVoidDelegate>b__3(IAsyncResult ar)
   bij System.Web.Mvc.Async.AsyncResultWrapper.WrappedAsyncResult`1.End()
   bij System.Web.Mvc.Controller.EndExecute(IAsyncResult asyncResult)
   bij System.Web.Mvc.Controller.System.Web.Mvc.Async.IAsyncController.EndExecute(IAsyncResult asyncResult)
   bij System.Web.Mvc.MvcHandler.<>c__DisplayClass8.<BeginProcessRequest>b__3(IAsyncResult asyncResult)
   bij System.Web.Mvc.Async.AsyncResultWrapper.<>c__DisplayClass4.<MakeVoidDelegate>b__3(IAsyncResult ar)
   bij System.Web.Mvc.Async.AsyncResultWrapper.WrappedAsyncResult`1.End()
   bij System.Web.Mvc.MvcHandler.EndProcessRequest(IAsyncResult asyncResult)
   bij System.Web.Mvc.MvcHandler.System.Web.IHttpAsyncHandler.EndProcessRequest(IAsyncResult result)
   bij System.Web.HttpApplication.CallHandlerExecutionStep.System.Web.HttpApplication.IExecutionStep.Execute()
   bij System.Web.HttpApplication.ExecuteStep(IExecutionStep step, Boolean& completedSynchronously)
