2014-09-15 10:50:27,110 [11] ERROR Site.Business.Localization.YandexTranslation.YandexTranslatorProvider: Fout in regel 1 positie 38. Element string van naamruimte http://schemas.microsoft.com/2003/10/Serialization/ wordt verwacht.. Element met naam Translation, naamruimte  is aangetroffen. 
2014-09-15 10:50:27,111 [13] ERROR Site.Business.Localization.YandexTranslation.YandexTranslatorProvider: Fout in regel 1 positie 38. Element string van naamruimte http://schemas.microsoft.com/2003/10/Serialization/ wordt verwacht.. Element met naam Translation, naamruimte  is aangetroffen. 
2014-09-15 20:01:01,972 [9] ERROR EPiServer.Global: 1.2.5 Unhandled exception in ASP.NET
System.ArgumentException: Er is al een item met dezelfde sleutel toegevoegd.
   bij System.ThrowHelper.ThrowArgumentException(ExceptionResource resource)
   bij System.Collections.Generic.Dictionary`2.Insert(TKey key, TValue value, Boolean add)
   bij System.Collections.Generic.Dictionary`2.Add(TKey key, TValue value)
   bij Site.Business.Localization.Cache.TranslatorCacheProvider..ctor(String cacheFilePath) in d:\Dev\GitHub\EPiServerGoogleTranslateLocalization\Site\Business\Localization\Cache\TranslatorCacheProvider.cs:regel 49
   bij Site.Business.Localization.TranslatorLocalizationProvider.get_CacheProvider() in d:\Dev\GitHub\EPiServerGoogleTranslateLocalization\Site\Business\Localization\TranslatorLocalizationProvider.cs:regel 26
   bij Site.Business.Localization.TranslatorLocalizationProvider.GetString(String originalKey, String[] normalizedKey, CultureInfo culture) in d:\Dev\GitHub\EPiServerGoogleTranslateLocalization\Site\Business\Localization\TranslatorLocalizationProvider.cs:regel 44
   bij EPiServer.Framework.Localization.ProviderBasedLocalizationService.LoadString(String[] normalizedKey, String originalKey, CultureInfo culture)
   bij EPiServer.Framework.Localization.LocalizationService.TryGetStringByCulture(String originalKey, String[] normalizedKey, CultureInfo culture, String& localizedString)
   bij EPiServer.Framework.Localization.LocalizationService.GetStringByCulture(String resourceKey, FallbackBehaviors fallbackBehavior, CultureInfo culture)
   bij EPiServer.Framework.Localization.LocalizationService.GetStringByCulture(String resourceKey, CultureInfo culture)
   bij EPiServer.Framework.Localization.LocalizationService.GetString(String resourceKey)
   bij EPiServer.Shell.Web.Mvc.Html.HtmlHelperTranslationExtensions.Translate(HtmlHelper html, String translationKey)
   bij ASP._Page_Views_Shared_Header_cshtml.Execute() in d:\Dev\GitHub\EPiServerGoogleTranslateLocalization\Site\Views\Shared\Header.cshtml:regel 34
   bij System.Web.WebPages.WebPageBase.ExecutePageHierarchy()
   bij System.Web.Mvc.WebViewPage.ExecutePageHierarchy()
   bij System.Web.WebPages.WebPageBase.ExecutePageHierarchy(WebPageContext pageContext, TextWriter writer, WebPageRenderingBase startPage)
   bij System.Web.Mvc.RazorView.RenderView(ViewContext viewContext, TextWriter writer, Object instance)
   bij System.Web.Mvc.BuildManagerCompiledView.Render(ViewContext viewContext, TextWriter writer)
   bij System.Web.Mvc.HtmlHelper.RenderPartialInternal(String partialViewName, ViewDataDictionary viewData, Object model, TextWriter writer, ViewEngineCollection viewEngineCollection)
   bij System.Web.Mvc.Html.RenderPartialExtensions.RenderPartial(HtmlHelper htmlHelper, String partialViewName, Object model)
   bij ASP._Page_Views_Shared_Layouts__Root_cshtml.Execute() in d:\Dev\GitHub\EPiServerGoogleTranslateLocalization\Site\Views\Shared\Layouts\_Root.cshtml:regel 24
   bij System.Web.WebPages.WebPageBase.ExecutePageHierarchy()
   bij System.Web.Mvc.WebViewPage.ExecutePageHierarchy()
   bij System.Web.WebPages.WebPageBase.ExecutePageHierarchy(WebPageContext pageContext, TextWriter writer, WebPageRenderingBase startPage)
   bij System.Web.WebPages.WebPageBase.<>c__DisplayClass7.<RenderPageCore>b__6(TextWriter writer)
   bij System.Web.WebPages.HelperResult.WriteTo(TextWriter writer)
   bij System.Web.WebPages.WebPageBase.Write(HelperResult result)
   bij System.Web.WebPages.WebPageBase.RenderSurrounding(String partialViewName, Action`1 body)
   bij System.Web.WebPages.WebPageBase.PopContext()
   bij System.Web.WebPages.WebPageBase.ExecutePageHierarchy(WebPageContext pageContext, TextWriter writer, WebPageRenderingBase startPage)
   bij System.Web.Mvc.RazorView.RenderView(ViewContext viewContext, TextWriter writer, Object instance)
   bij System.Web.Mvc.BuildManagerCompiledView.Render(ViewContext viewContext, TextWriter writer)
   bij System.Web.Mvc.ViewResultBase.ExecuteResult(ControllerContext context)
   bij System.Web.Mvc.ControllerActionInvoker.InvokeActionResult(ControllerContext controllerContext, ActionResult actionResult)
   bij System.Web.Mvc.ControllerActionInvoker.<>c__DisplayClass1a.<InvokeActionResultWithFilters>b__17()
   bij System.Web.Mvc.ControllerActionInvoker.InvokeActionResultFilter(IResultFilter filter, ResultExecutingContext preContext, Func`1 continuation)
   bij System.Web.Mvc.ControllerActionInvoker.<>c__DisplayClass1a.<>c__DisplayClass1c.<InvokeActionResultWithFilters>b__19()
   bij System.Web.Mvc.ControllerActionInvoker.InvokeActionResultFilter(IResultFilter filter, ResultExecutingContext preContext, Func`1 continuation)
   bij System.Web.Mvc.ControllerActionInvoker.<>c__DisplayClass1a.<>c__DisplayClass1c.<InvokeActionResultWithFilters>b__19()
   bij System.Web.Mvc.ControllerActionInvoker.InvokeActionResultFilter(IResultFilter filter, ResultExecutingContext preContext, Func`1 continuation)
   bij System.Web.Mvc.ControllerActionInvoker.<>c__DisplayClass1a.<>c__DisplayClass1c.<InvokeActionResultWithFilters>b__19()
   bij System.Web.Mvc.ControllerActionInvoker.InvokeActionResultFilter(IResultFilter filter, ResultExecutingContext preContext, Func`1 continuation)
   bij System.Web.Mvc.ControllerActionInvoker.<>c__DisplayClass1a.<>c__DisplayClass1c.<InvokeActionResultWithFilters>b__19()
   bij System.Web.Mvc.ControllerActionInvoker.InvokeActionResultFilter(IResultFilter filter, ResultExecutingContext preContext, Func`1 continuation)
   bij System.Web.Mvc.ControllerActionInvoker.<>c__DisplayClass1a.<>c__DisplayClass1c.<InvokeActionResultWithFilters>b__19()
   bij System.Web.Mvc.ControllerActionInvoker.InvokeActionResultFilter(IResultFilter filter, ResultExecutingContext preContext, Func`1 continuation)
   bij System.Web.Mvc.ControllerActionInvoker.<>c__DisplayClass1a.<>c__DisplayClass1c.<InvokeActionResultWithFilters>b__19()
   bij System.Web.Mvc.ControllerActionInvoker.InvokeActionResultFilter(IResultFilter filter, ResultExecutingContext preContext, Func`1 continuation)
   bij System.Web.Mvc.ControllerActionInvoker.<>c__DisplayClass1a.<>c__DisplayClass1c.<InvokeActionResultWithFilters>b__19()
   bij System.Web.Mvc.ControllerActionInvoker.InvokeActionResultWithFilters(ControllerContext controllerContext, IList`1 filters, ActionResult actionResult)
   bij System.Web.Mvc.Async.AsyncControllerActionInvoker.<>c__DisplayClass25.<>c__DisplayClass2a.<BeginInvokeAction>b__20()
   bij System.Web.Mvc.Async.AsyncControllerActionInvoker.<>c__DisplayClass25.<BeginInvokeAction>b__22(IAsyncResult asyncResult)
   bij System.Web.Mvc.Async.AsyncResultWrapper.WrappedAsyncResult`1.End()
   bij System.Web.Mvc.Async.AsyncControllerActionInvoker.EndInvokeAction(IAsyncResult asyncResult)
   bij System.Web.Mvc.Controller.<>c__DisplayClass1d.<BeginExecuteCore>b__18(IAsyncResult asyncResult)
   bij System.Web.Mvc.Async.AsyncResultWrapper.<>c__DisplayClass4.<MakeVoidDelegate>b__3(IAsyncResult ar)
   bij System.Web.Mvc.Async.AsyncResultWrapper.WrappedAsyncResult`1.End()
   bij System.Web.Mvc.Controller.EndExecuteCore(IAsyncResult asyncResult)
   bij System.Web.Mvc.Async.AsyncResultWrapper.<>c__DisplayClass4.<MakeVoidDelegate>b__3(IAsyncResult ar)
   bij System.Web.Mvc.Async.AsyncResultWrapper.WrappedAsyncResult`1.End()
   bij System.Web.Mvc.Controller.EndExecute(IAsyncResult asyncResult)
   bij System.Web.Mvc.Controller.System.Web.Mvc.Async.IAsyncController.EndExecute(IAsyncResult asyncResult)
   bij System.Web.Mvc.MvcHandler.<>c__DisplayClass8.<BeginProcessRequest>b__3(IAsyncResult asyncResult)
   bij System.Web.Mvc.Async.AsyncResultWrapper.<>c__DisplayClass4.<MakeVoidDelegate>b__3(IAsyncResult ar)
   bij System.Web.Mvc.Async.AsyncResultWrapper.WrappedAsyncResult`1.End()
   bij System.Web.Mvc.MvcHandler.EndProcessRequest(IAsyncResult asyncResult)
   bij System.Web.Mvc.MvcHandler.System.Web.IHttpAsyncHandler.EndProcessRequest(IAsyncResult result)
   bij System.Web.HttpApplication.CallHandlerExecutionStep.System.Web.HttpApplication.IExecutionStep.Execute()
   bij System.Web.HttpApplication.ExecuteStep(IExecutionStep step, Boolean& completedSynchronously)
2014-09-15 20:01:28,618 [6] ERROR EPiServer.Global: 1.2.5 Unhandled exception in ASP.NET
System.ArgumentException: Er is al een item met dezelfde sleutel toegevoegd.
   bij System.ThrowHelper.ThrowArgumentException(ExceptionResource resource)
   bij System.Collections.Generic.Dictionary`2.Insert(TKey key, TValue value, Boolean add)
   bij System.Collections.Generic.Dictionary`2.Add(TKey key, TValue value)
   bij Site.Business.Localization.Cache.TranslatorCacheProvider..ctor(String cacheFilePath) in d:\Dev\GitHub\EPiServerGoogleTranslateLocalization\Site\Business\Localization\Cache\TranslatorCacheProvider.cs:regel 49
   bij Site.Business.Localization.TranslatorLocalizationProvider.get_CacheProvider() in d:\Dev\GitHub\EPiServerGoogleTranslateLocalization\Site\Business\Localization\TranslatorLocalizationProvider.cs:regel 26
   bij Site.Business.Localization.TranslatorLocalizationProvider.GetString(String originalKey, String[] normalizedKey, CultureInfo culture) in d:\Dev\GitHub\EPiServerGoogleTranslateLocalization\Site\Business\Localization\TranslatorLocalizationProvider.cs:regel 44
   bij EPiServer.Framework.Localization.ProviderBasedLocalizationService.LoadString(String[] normalizedKey, String originalKey, CultureInfo culture)
   bij EPiServer.Framework.Localization.LocalizationService.TryGetStringByCulture(String originalKey, String[] normalizedKey, CultureInfo culture, String& localizedString)
   bij EPiServer.Framework.Localization.LocalizationService.GetStringByCulture(String resourceKey, FallbackBehaviors fallbackBehavior, CultureInfo culture)
   bij EPiServer.Framework.Localization.LocalizationService.GetStringByCulture(String resourceKey, CultureInfo culture)
   bij EPiServer.Framework.Localization.LocalizationService.GetString(String resourceKey)
   bij EPiServer.Shell.Web.Mvc.Html.HtmlHelperTranslationExtensions.Translate(HtmlHelper html, String translationKey)
   bij ASP._Page_Views_Shared_Header_cshtml.Execute() in d:\Dev\GitHub\EPiServerGoogleTranslateLocalization\Site\Views\Shared\Header.cshtml:regel 34
   bij System.Web.WebPages.WebPageBase.ExecutePageHierarchy()
   bij System.Web.Mvc.WebViewPage.ExecutePageHierarchy()
   bij System.Web.WebPages.WebPageBase.ExecutePageHierarchy(WebPageContext pageContext, TextWriter writer, WebPageRenderingBase startPage)
   bij System.Web.Mvc.RazorView.RenderView(ViewContext viewContext, TextWriter writer, Object instance)
   bij System.Web.Mvc.BuildManagerCompiledView.Render(ViewContext viewContext, TextWriter writer)
   bij System.Web.Mvc.HtmlHelper.RenderPartialInternal(String partialViewName, ViewDataDictionary viewData, Object model, TextWriter writer, ViewEngineCollection viewEngineCollection)
   bij System.Web.Mvc.Html.RenderPartialExtensions.RenderPartial(HtmlHelper htmlHelper, String partialViewName, Object model)
   bij ASP._Page_Views_Shared_Layouts__Root_cshtml.Execute() in d:\Dev\GitHub\EPiServerGoogleTranslateLocalization\Site\Views\Shared\Layouts\_Root.cshtml:regel 24
   bij System.Web.WebPages.WebPageBase.ExecutePageHierarchy()
   bij System.Web.Mvc.WebViewPage.ExecutePageHierarchy()
   bij System.Web.WebPages.WebPageBase.ExecutePageHierarchy(WebPageContext pageContext, TextWriter writer, WebPageRenderingBase startPage)
   bij System.Web.WebPages.WebPageBase.<>c__DisplayClass7.<RenderPageCore>b__6(TextWriter writer)
   bij System.Web.WebPages.HelperResult.WriteTo(TextWriter writer)
   bij System.Web.WebPages.WebPageBase.Write(HelperResult result)
   bij System.Web.WebPages.WebPageBase.RenderSurrounding(String partialViewName, Action`1 body)
   bij System.Web.WebPages.WebPageBase.PopContext()
   bij System.Web.WebPages.WebPageBase.ExecutePageHierarchy(WebPageContext pageContext, TextWriter writer, WebPageRenderingBase startPage)
   bij System.Web.Mvc.RazorView.RenderView(ViewContext viewContext, TextWriter writer, Object instance)
   bij System.Web.Mvc.BuildManagerCompiledView.Render(ViewContext viewContext, TextWriter writer)
   bij System.Web.Mvc.ViewResultBase.ExecuteResult(ControllerContext context)
   bij System.Web.Mvc.ControllerActionInvoker.InvokeActionResult(ControllerContext controllerContext, ActionResult actionResult)
   bij System.Web.Mvc.ControllerActionInvoker.<>c__DisplayClass1a.<InvokeActionResultWithFilters>b__17()
   bij System.Web.Mvc.ControllerActionInvoker.InvokeActionResultFilter(IResultFilter filter, ResultExecutingContext preContext, Func`1 continuation)
   bij System.Web.Mvc.ControllerActionInvoker.<>c__DisplayClass1a.<>c__DisplayClass1c.<InvokeActionResultWithFilters>b__19()
   bij System.Web.Mvc.ControllerActionInvoker.InvokeActionResultFilter(IResultFilter filter, ResultExecutingContext preContext, Func`1 continuation)
   bij System.Web.Mvc.ControllerActionInvoker.<>c__DisplayClass1a.<>c__DisplayClass1c.<InvokeActionResultWithFilters>b__19()
   bij System.Web.Mvc.ControllerActionInvoker.InvokeActionResultFilter(IResultFilter filter, ResultExecutingContext preContext, Func`1 continuation)
   bij System.Web.Mvc.ControllerActionInvoker.<>c__DisplayClass1a.<>c__DisplayClass1c.<InvokeActionResultWithFilters>b__19()
   bij System.Web.Mvc.ControllerActionInvoker.InvokeActionResultFilter(IResultFilter filter, ResultExecutingContext preContext, Func`1 continuation)
   bij System.Web.Mvc.ControllerActionInvoker.<>c__DisplayClass1a.<>c__DisplayClass1c.<InvokeActionResultWithFilters>b__19()
   bij System.Web.Mvc.ControllerActionInvoker.InvokeActionResultFilter(IResultFilter filter, ResultExecutingContext preContext, Func`1 continuation)
   bij System.Web.Mvc.ControllerActionInvoker.<>c__DisplayClass1a.<>c__DisplayClass1c.<InvokeActionResultWithFilters>b__19()
   bij System.Web.Mvc.ControllerActionInvoker.InvokeActionResultFilter(IResultFilter filter, ResultExecutingContext preContext, Func`1 continuation)
   bij System.Web.Mvc.ControllerActionInvoker.<>c__DisplayClass1a.<>c__DisplayClass1c.<InvokeActionResultWithFilters>b__19()
   bij System.Web.Mvc.ControllerActionInvoker.InvokeActionResultFilter(IResultFilter filter, ResultExecutingContext preContext, Func`1 continuation)
   bij System.Web.Mvc.ControllerActionInvoker.<>c__DisplayClass1a.<>c__DisplayClass1c.<InvokeActionResultWithFilters>b__19()
   bij System.Web.Mvc.ControllerActionInvoker.InvokeActionResultWithFilters(ControllerContext controllerContext, IList`1 filters, ActionResult actionResult)
   bij System.Web.Mvc.Async.AsyncControllerActionInvoker.<>c__DisplayClass25.<>c__DisplayClass2a.<BeginInvokeAction>b__20()
   bij System.Web.Mvc.Async.AsyncControllerActionInvoker.<>c__DisplayClass25.<BeginInvokeAction>b__22(IAsyncResult asyncResult)
   bij System.Web.Mvc.Async.AsyncResultWrapper.WrappedAsyncResult`1.End()
   bij System.Web.Mvc.Async.AsyncControllerActionInvoker.EndInvokeAction(IAsyncResult asyncResult)
   bij System.Web.Mvc.Controller.<>c__DisplayClass1d.<BeginExecuteCore>b__18(IAsyncResult asyncResult)
   bij System.Web.Mvc.Async.AsyncResultWrapper.<>c__DisplayClass4.<MakeVoidDelegate>b__3(IAsyncResult ar)
   bij System.Web.Mvc.Async.AsyncResultWrapper.WrappedAsyncResult`1.End()
   bij System.Web.Mvc.Controller.EndExecuteCore(IAsyncResult asyncResult)
   bij System.Web.Mvc.Async.AsyncResultWrapper.<>c__DisplayClass4.<MakeVoidDelegate>b__3(IAsyncResult ar)
   bij System.Web.Mvc.Async.AsyncResultWrapper.WrappedAsyncResult`1.End()
   bij System.Web.Mvc.Controller.EndExecute(IAsyncResult asyncResult)
   bij System.Web.Mvc.Controller.System.Web.Mvc.Async.IAsyncController.EndExecute(IAsyncResult asyncResult)
   bij System.Web.Mvc.MvcHandler.<>c__DisplayClass8.<BeginProcessRequest>b__3(IAsyncResult asyncResult)
   bij System.Web.Mvc.Async.AsyncResultWrapper.<>c__DisplayClass4.<MakeVoidDelegate>b__3(IAsyncResult ar)
   bij System.Web.Mvc.Async.AsyncResultWrapper.WrappedAsyncResult`1.End()
   bij System.Web.Mvc.MvcHandler.EndProcessRequest(IAsyncResult asyncResult)
   bij System.Web.Mvc.MvcHandler.System.Web.IHttpAsyncHandler.EndProcessRequest(IAsyncResult result)
   bij System.Web.HttpApplication.CallHandlerExecutionStep.System.Web.HttpApplication.IExecutionStep.Execute()
   bij System.Web.HttpApplication.ExecuteStep(IExecutionStep step, Boolean& completedSynchronously)
2014-09-15 20:02:07,348 [9] ERROR EPiServer.Global: 1.2.5 Unhandled exception in ASP.NET
System.ArgumentException: Er is al een item met dezelfde sleutel toegevoegd.
   bij System.ThrowHelper.ThrowArgumentException(ExceptionResource resource)
   bij System.Collections.Generic.Dictionary`2.Insert(TKey key, TValue value, Boolean add)
   bij System.Collections.Generic.Dictionary`2.Add(TKey key, TValue value)
   bij Site.Business.Localization.Cache.TranslatorCacheProvider..ctor(String cacheFilePath) in d:\Dev\GitHub\EPiServerGoogleTranslateLocalization\Site\Business\Localization\Cache\TranslatorCacheProvider.cs:regel 49
   bij Site.Business.Localization.TranslatorLocalizationProvider.get_CacheProvider() in d:\Dev\GitHub\EPiServerGoogleTranslateLocalization\Site\Business\Localization\TranslatorLocalizationProvider.cs:regel 26
   bij Site.Business.Localization.TranslatorLocalizationProvider.GetString(String originalKey, String[] normalizedKey, CultureInfo culture) in d:\Dev\GitHub\EPiServerGoogleTranslateLocalization\Site\Business\Localization\TranslatorLocalizationProvider.cs:regel 44
   bij EPiServer.Framework.Localization.ProviderBasedLocalizationService.LoadString(String[] normalizedKey, String originalKey, CultureInfo culture)
   bij EPiServer.Framework.Localization.LocalizationService.TryGetStringByCulture(String originalKey, String[] normalizedKey, CultureInfo culture, String& localizedString)
   bij EPiServer.Framework.Localization.LocalizationService.GetStringByCulture(String resourceKey, FallbackBehaviors fallbackBehavior, CultureInfo culture)
   bij EPiServer.Framework.Localization.LocalizationService.GetStringByCulture(String resourceKey, CultureInfo culture)
   bij EPiServer.Framework.Localization.LocalizationService.GetString(String resourceKey)
   bij EPiServer.Shell.Web.Mvc.Html.HtmlHelperTranslationExtensions.Translate(HtmlHelper html, String translationKey)
   bij ASP._Page_Views_Shared_Header_cshtml.Execute() in d:\Dev\GitHub\EPiServerGoogleTranslateLocalization\Site\Views\Shared\Header.cshtml:regel 34
   bij System.Web.WebPages.WebPageBase.ExecutePageHierarchy()
   bij System.Web.Mvc.WebViewPage.ExecutePageHierarchy()
   bij System.Web.WebPages.WebPageBase.ExecutePageHierarchy(WebPageContext pageContext, TextWriter writer, WebPageRenderingBase startPage)
   bij System.Web.Mvc.RazorView.RenderView(ViewContext viewContext, TextWriter writer, Object instance)
   bij System.Web.Mvc.BuildManagerCompiledView.Render(ViewContext viewContext, TextWriter writer)
   bij System.Web.Mvc.HtmlHelper.RenderPartialInternal(String partialViewName, ViewDataDictionary viewData, Object model, TextWriter writer, ViewEngineCollection viewEngineCollection)
   bij System.Web.Mvc.Html.RenderPartialExtensions.RenderPartial(HtmlHelper htmlHelper, String partialViewName, Object model)
   bij ASP._Page_Views_Shared_Layouts__Root_cshtml.Execute() in d:\Dev\GitHub\EPiServerGoogleTranslateLocalization\Site\Views\Shared\Layouts\_Root.cshtml:regel 24
   bij System.Web.WebPages.WebPageBase.ExecutePageHierarchy()
   bij System.Web.Mvc.WebViewPage.ExecutePageHierarchy()
   bij System.Web.WebPages.WebPageBase.ExecutePageHierarchy(WebPageContext pageContext, TextWriter writer, WebPageRenderingBase startPage)
   bij System.Web.WebPages.WebPageBase.<>c__DisplayClass7.<RenderPageCore>b__6(TextWriter writer)
   bij System.Web.WebPages.HelperResult.WriteTo(TextWriter writer)
   bij System.Web.WebPages.WebPageBase.Write(HelperResult result)
   bij System.Web.WebPages.WebPageBase.RenderSurrounding(String partialViewName, Action`1 body)
   bij System.Web.WebPages.WebPageBase.PopContext()
   bij System.Web.WebPages.WebPageBase.ExecutePageHierarchy(WebPageContext pageContext, TextWriter writer, WebPageRenderingBase startPage)
   bij System.Web.Mvc.RazorView.RenderView(ViewContext viewContext, TextWriter writer, Object instance)
   bij System.Web.Mvc.BuildManagerCompiledView.Render(ViewContext viewContext, TextWriter writer)
   bij System.Web.Mvc.ViewResultBase.ExecuteResult(ControllerContext context)
   bij System.Web.Mvc.ControllerActionInvoker.InvokeActionResult(ControllerContext controllerContext, ActionResult actionResult)
   bij System.Web.Mvc.ControllerActionInvoker.<>c__DisplayClass1a.<InvokeActionResultWithFilters>b__17()
   bij System.Web.Mvc.ControllerActionInvoker.InvokeActionResultFilter(IResultFilter filter, ResultExecutingContext preContext, Func`1 continuation)
   bij System.Web.Mvc.ControllerActionInvoker.<>c__DisplayClass1a.<>c__DisplayClass1c.<InvokeActionResultWithFilters>b__19()
   bij System.Web.Mvc.ControllerActionInvoker.InvokeActionResultFilter(IResultFilter filter, ResultExecutingContext preContext, Func`1 continuation)
   bij System.Web.Mvc.ControllerActionInvoker.<>c__DisplayClass1a.<>c__DisplayClass1c.<InvokeActionResultWithFilters>b__19()
   bij System.Web.Mvc.ControllerActionInvoker.InvokeActionResultFilter(IResultFilter filter, ResultExecutingContext preContext, Func`1 continuation)
   bij System.Web.Mvc.ControllerActionInvoker.<>c__DisplayClass1a.<>c__DisplayClass1c.<InvokeActionResultWithFilters>b__19()
   bij System.Web.Mvc.ControllerActionInvoker.InvokeActionResultFilter(IResultFilter filter, ResultExecutingContext preContext, Func`1 continuation)
   bij System.Web.Mvc.ControllerActionInvoker.<>c__DisplayClass1a.<>c__DisplayClass1c.<InvokeActionResultWithFilters>b__19()
   bij System.Web.Mvc.ControllerActionInvoker.InvokeActionResultFilter(IResultFilter filter, ResultExecutingContext preContext, Func`1 continuation)
   bij System.Web.Mvc.ControllerActionInvoker.<>c__DisplayClass1a.<>c__DisplayClass1c.<InvokeActionResultWithFilters>b__19()
   bij System.Web.Mvc.ControllerActionInvoker.InvokeActionResultFilter(IResultFilter filter, ResultExecutingContext preContext, Func`1 continuation)
   bij System.Web.Mvc.ControllerActionInvoker.<>c__DisplayClass1a.<>c__DisplayClass1c.<InvokeActionResultWithFilters>b__19()
   bij System.Web.Mvc.ControllerActionInvoker.InvokeActionResultFilter(IResultFilter filter, ResultExecutingContext preContext, Func`1 continuation)
   bij System.Web.Mvc.ControllerActionInvoker.<>c__DisplayClass1a.<>c__DisplayClass1c.<InvokeActionResultWithFilters>b__19()
   bij System.Web.Mvc.ControllerActionInvoker.InvokeActionResultWithFilters(ControllerContext controllerContext, IList`1 filters, ActionResult actionResult)
   bij System.Web.Mvc.Async.AsyncControllerActionInvoker.<>c__DisplayClass25.<>c__DisplayClass2a.<BeginInvokeAction>b__20()
   bij System.Web.Mvc.Async.AsyncControllerActionInvoker.<>c__DisplayClass25.<BeginInvokeAction>b__22(IAsyncResult asyncResult)
   bij System.Web.Mvc.Async.AsyncResultWrapper.WrappedAsyncResult`1.End()
   bij System.Web.Mvc.Async.AsyncControllerActionInvoker.EndInvokeAction(IAsyncResult asyncResult)
   bij System.Web.Mvc.Controller.<>c__DisplayClass1d.<BeginExecuteCore>b__18(IAsyncResult asyncResult)
   bij System.Web.Mvc.Async.AsyncResultWrapper.<>c__DisplayClass4.<MakeVoidDelegate>b__3(IAsyncResult ar)
   bij System.Web.Mvc.Async.AsyncResultWrapper.WrappedAsyncResult`1.End()
   bij System.Web.Mvc.Controller.EndExecuteCore(IAsyncResult asyncResult)
   bij System.Web.Mvc.Async.AsyncResultWrapper.<>c__DisplayClass4.<MakeVoidDelegate>b__3(IAsyncResult ar)
   bij System.Web.Mvc.Async.AsyncResultWrapper.WrappedAsyncResult`1.End()
   bij System.Web.Mvc.Controller.EndExecute(IAsyncResult asyncResult)
   bij System.Web.Mvc.Controller.System.Web.Mvc.Async.IAsyncController.EndExecute(IAsyncResult asyncResult)
   bij System.Web.Mvc.MvcHandler.<>c__DisplayClass8.<BeginProcessRequest>b__3(IAsyncResult asyncResult)
   bij System.Web.Mvc.Async.AsyncResultWrapper.<>c__DisplayClass4.<MakeVoidDelegate>b__3(IAsyncResult ar)
   bij System.Web.Mvc.Async.AsyncResultWrapper.WrappedAsyncResult`1.End()
   bij System.Web.Mvc.MvcHandler.EndProcessRequest(IAsyncResult asyncResult)
   bij System.Web.Mvc.MvcHandler.System.Web.IHttpAsyncHandler.EndProcessRequest(IAsyncResult result)
   bij System.Web.HttpApplication.CallHandlerExecutionStep.System.Web.HttpApplication.IExecutionStep.Execute()
   bij System.Web.HttpApplication.ExecuteStep(IExecutionStep step, Boolean& completedSynchronously)
